\BOOKMARK [0][]{toc.0}{\376\377\166\356\137\125}{}% 1
\BOOKMARK [0][]{chapter.1}{\376\377\173\054\0001\172\340\000\040\000\040\137\025\212\000}{}% 2
\BOOKMARK [1][]{section.1.1}{\376\377\0001\000.\0001\000\040\170\024\172\166\200\314\146\157}{chapter.1}% 3
\BOOKMARK [2][]{subsection.1.1.1}{\376\377\0001\000.\0001\000.\0001\000\040\136\224\165\050\200\314\146\157}{section.1.1}% 4
\BOOKMARK [2][]{subsection.1.1.2}{\376\377\0001\000.\0001\000.\0002\000\040\142\200\147\057\200\314\146\157}{section.1.1}% 5
\BOOKMARK [1][]{section.1.2}{\376\377\0001\000.\0002\000\040\170\024\172\166\166\356\166\204\123\312\141\017\116\111}{chapter.1}% 6
\BOOKMARK [2][]{subsection.1.2.1}{\376\377\0001\000.\0002\000.\0001\000\040\170\024\172\166\166\356\166\204}{section.1.2}% 7
\BOOKMARK [2][]{subsection.1.2.2}{\376\377\0001\000.\0002\000.\0002\000\040\170\024\172\166\141\017\116\111}{section.1.2}% 8
\BOOKMARK [1][]{section.1.3}{\376\377\0001\000.\0003\000\040\170\024\172\166\163\260\162\266\123\312\213\276\213\241\140\035\215\357}{chapter.1}% 9
\BOOKMARK [2][]{subsection.1.3.1}{\376\377\0001\000.\0003\000.\0001\000\040\126\375\131\026\170\024\172\166\163\260\162\266}{section.1.3}% 10
\BOOKMARK [2][]{subsection.1.3.2}{\376\377\0001\000.\0003\000.\0002\000\040\126\375\121\205\170\024\172\166\163\260\162\266}{section.1.3}% 11
\BOOKMARK [2][]{subsection.1.3.3}{\376\377\0001\000.\0003\000.\0003\000\040\133\130\127\050\166\204\116\073\211\201\225\356\230\230}{section.1.3}% 12
\BOOKMARK [2][]{subsection.1.3.4}{\376\377\0001\000.\0003\000.\0004\000\040\147\054\145\207\166\204\213\276\213\241\140\035\215\357}{section.1.3}% 13
\BOOKMARK [1][]{section.1.4}{\376\377\0001\000.\0004\000\040\123\321\134\125\215\213\122\277}{chapter.1}% 14
\BOOKMARK [1][]{section.1.5}{\376\377\0001\000.\0005\000\040\116\073\211\201\121\205\133\271\124\214\213\272\145\207\176\304\176\307}{chapter.1}% 15
\BOOKMARK [0][]{chapter.2}{\376\377\173\054\0002\172\340\000\040\000\040\140\073\117\123\213\276\213\241}{}% 16
\BOOKMARK [1][]{section.2.1}{\376\377\0002\000.\0001\000\040\174\373\176\337\213\276\213\241\135\345\117\134\123\237\164\006\123\312\123\237\164\006\150\106\126\376}{chapter.2}% 17
\BOOKMARK [2][]{subsection.2.1.1}{\376\377\0002\000.\0001\000.\0001\000\040\127\372\147\054\135\345\117\134\123\237\164\006}{section.2.1}% 18
\BOOKMARK [2][]{subsection.2.1.2}{\376\377\0002\000.\0001\000.\0002\000\040\174\373\176\337\123\237\164\006\150\106\126\376\116\016\152\041\127\127\213\364\146\016}{section.2.1}% 19
\BOOKMARK [1][]{section.2.2}{\376\377\0002\000.\0002\000\040\174\373\176\337\213\276\213\241\211\201\154\102}{chapter.2}% 20
\BOOKMARK [2][]{subsection.2.2.1}{\376\377\0002\000.\0002\000.\0001\000\040\122\237\200\375\140\047\211\201\154\102}{section.2.2}% 21
\BOOKMARK [2][]{subsection.2.2.2}{\376\377\0002\000.\0002\000.\0002\000\040\140\047\200\375\143\007\150\007\211\201\154\102}{section.2.2}% 22
\BOOKMARK [2][]{subsection.2.2.3}{\376\377\0002\000.\0002\000.\0003\000\040\176\246\147\137\147\141\116\366\116\016\213\276\213\241\217\271\165\114}{section.2.2}% 23
\BOOKMARK [1][]{section.2.3}{\376\377\0002\000.\0003\000\040\147\054\172\340\134\017\176\323}{chapter.2}% 24
\BOOKMARK [0][]{chapter.3}{\376\377\173\054\0003\172\340\000\040\000\040\126\150\116\366\220\011\142\351\123\312\116\313\176\315}{}% 25
\BOOKMARK [1][]{section.3.1}{\376\377\0003\000.\0001\000\040\123\125\162\107\147\072\220\011\127\213}{chapter.3}% 26
\BOOKMARK [2][]{subsection.3.1.1}{\376\377\0003\000.\0001\000.\0001\000\040\123\125\162\107\147\072\220\011\127\213\211\201\154\102}{section.3.1}% 27
\BOOKMARK [2][]{subsection.3.1.2}{\376\377\0003\000.\0001\000.\0002\000\040\000S\000T\000M\0003\0002\000H\0007\123\125\162\107\147\072\122\237\200\375\116\313\176\315}{section.3.1}% 28
\BOOKMARK [1][]{section.3.2}{\376\377\0003\000.\0002\000\040\117\040\141\037\126\150\220\011\127\213}{chapter.3}% 29
\BOOKMARK [2][]{subsection.3.2.1}{\376\377\0003\000.\0002\000.\0001\000\040\117\040\141\037\126\150\220\011\127\213\211\201\154\102}{section.3.2}% 30
\BOOKMARK [2][]{subsection.3.2.2}{\376\377\0003\000.\0002\000.\0002\000\040\121\155\217\164\000I\000M\000U\117\040\141\037\126\150\116\313\176\315}{section.3.2}% 31
\BOOKMARK [1][]{section.3.3}{\376\377\0003\000.\0003\000\040\211\306\211\311\221\307\226\306\152\041\127\127\220\011\127\213}{chapter.3}% 32
\BOOKMARK [2][]{subsection.3.3.1}{\376\377\0003\000.\0003\000.\0001\000\040\211\306\211\311\152\041\127\127\220\011\127\213\211\201\154\102}{section.3.3}% 33
\BOOKMARK [2][]{subsection.3.3.2}{\376\377\0003\000.\0003\000.\0002\000\040\000U\000S\000B\144\104\120\317\131\064\116\313\176\315\116\016\220\011\142\351\164\006\165\061}{section.3.3}% 34
\BOOKMARK [1][]{section.3.4}{\376\377\0003\000.\0004\000\040\116\221\123\360\232\161\122\250\116\016\142\147\210\114\126\150\220\011\127\213}{chapter.3}% 35
\BOOKMARK [2][]{subsection.3.4.1}{\376\377\0003\000.\0004\000.\0001\000\040\232\161\122\250\220\011\127\213\211\201\154\102}{section.3.4}% 36
\BOOKMARK [2][]{subsection.3.4.2}{\376\377\0003\000.\0004\000.\0002\000\040\142\147\210\114\126\150\116\016\232\161\122\250\126\150\116\313\176\315}{section.3.4}% 37
\BOOKMARK [1][]{section.3.5}{\376\377\0003\000.\0005\000\040\121\163\225\056\126\150\116\366\143\245\123\343\116\016\173\241\201\032\213\364\146\016}{chapter.3}% 38
\BOOKMARK [2][]{subsection.3.5.1}{\376\377\0003\000.\0005\000.\0001\000\040\000S\000T\000M\0003\0002\000H\0007\121\163\225\056\143\245\123\343\213\364\146\016}{section.3.5}% 39
\BOOKMARK [2][]{subsection.3.5.2}{\376\377\0003\000.\0005\000.\0002\000\040\000I\000M\000U\116\016\144\104\120\317\131\064\143\245\123\343\213\364\146\016}{section.3.5}% 40
\BOOKMARK [2][]{subsection.3.5.3}{\376\377\0003\000.\0005\000.\0003\000\040\116\221\123\360\232\161\122\250\143\245\123\343\213\364\146\016}{section.3.5}% 41
\BOOKMARK [1][]{section.3.6}{\376\377\0003\000.\0006\000\040\147\054\172\340\134\017\176\323}{chapter.3}% 42
\BOOKMARK [0][]{chapter.4}{\376\377\173\054\0004\172\340\000\040\000\040\170\154\116\366\213\346\176\306\213\276\213\241}{}% 43
\BOOKMARK [1][]{section.4.1}{\376\377\0004\000.\0001\000\040\123\125\162\107\147\072\143\247\122\066\150\070\137\303\165\065\215\357}{chapter.4}% 44
\BOOKMARK [1][]{section.4.2}{\376\377\0004\000.\0002\000\040\000I\000M\000U\145\160\143\156\221\307\226\306\165\065\215\357}{chapter.4}% 45
\BOOKMARK [2][]{subsection.4.2.1}{\376\377\0004\000.\0002\000.\0001\000\040\000I\000M\000U\121\205\220\350\176\323\147\204\116\016\135\345\117\134\152\041\137\017}{section.4.2}% 46
\BOOKMARK [2][]{subsection.4.2.2}{\376\377\0004\000.\0002\000.\0002\000\040\000I\000M\000U\145\366\136\217\116\016\221\307\150\067\221\115\177\156}{section.4.2}% 47
\BOOKMARK [2][]{subsection.4.2.3}{\376\377\0004\000.\0002\000.\0003\000\040\000I\000M\000U\143\245\123\343\217\336\143\245\116\016\142\227\136\162\142\160\213\276\213\241}{section.4.2}% 48
\BOOKMARK [1][]{section.4.3}{\376\377\0004\000.\0003\000\040\126\376\120\317\221\307\226\306\116\016\220\032\117\341\165\065\215\357}{chapter.4}% 49
\BOOKMARK [2][]{subsection.4.3.1}{\376\377\0004\000.\0003\000.\0001\000\040\000U\000S\000B\144\104\120\317\131\064\143\245\121\145\123\237\164\006}{section.4.3}% 50
\BOOKMARK [2][]{subsection.4.3.2}{\376\377\0004\000.\0003\000.\0002\000\040\126\376\120\317\145\160\143\156\224\376\215\357\213\276\213\241}{section.4.3}% 51
\BOOKMARK [1][]{section.4.4}{\376\377\0004\000.\0004\000\040\116\221\123\360\232\161\122\250\116\016\165\065\147\072\143\247\122\066\165\065\215\357}{chapter.4}% 52
\BOOKMARK [2][]{subsection.4.4.1}{\376\377\0004\000.\0004\000.\0001\000\040\165\065\147\072\232\161\122\250\123\237\164\006}{section.4.4}% 53
\BOOKMARK [2][]{subsection.4.4.2}{\376\377\0004\000.\0004\000.\0002\000\040\000P\000W\000M\116\016\165\065\156\220\213\276\213\241}{section.4.4}% 54
\BOOKMARK [1][]{section.4.5}{\376\377\0004\000.\0005\000\040\116\272\147\072\116\244\116\222\116\016\117\335\142\244\165\065\215\357}{chapter.4}% 55
\BOOKMARK [2][]{subsection.4.5.1}{\376\377\0004\000.\0005\000.\0001\000\040\162\266\140\001\143\007\171\072\116\016\142\245\213\146\152\041\127\127}{section.4.5}% 56
\BOOKMARK [2][]{subsection.4.5.2}{\376\377\0004\000.\0005\000.\0002\000\040\143\247\122\066\143\011\225\056\116\016\140\045\120\134\220\073\217\221}{section.4.5}% 57
\BOOKMARK [1][]{section.4.6}{\376\377\0004\000.\0006\000\040\174\373\176\337\170\154\116\366\200\124\214\003\116\016\145\164\147\072\217\336\143\245\126\376}{chapter.4}% 58
\BOOKMARK [1][]{section.4.7}{\376\377\0004\000.\0007\000\040\147\054\172\340\134\017\176\323}{chapter.4}% 59
\BOOKMARK [0][]{chapter.5}{\376\377\173\054\0005\172\340\000\040\000\040\217\157\116\366\213\276\213\241}{}% 60
\BOOKMARK [1][]{section.5.1}{\376\377\0005\000.\0001\000\040\217\157\116\366\140\073\117\123\147\266\147\204\116\016\155\101\172\013}{chapter.5}% 61
\BOOKMARK [2][]{subsection.5.1.1}{\376\377\0005\000.\0001\000.\0001\000\040\172\013\136\217\122\006\134\102\116\016\116\373\122\241\122\022\122\006}{section.5.1}% 62
\BOOKMARK [2][]{subsection.5.1.2}{\376\377\0005\000.\0001\000.\0002\000\040\217\157\116\366\116\073\155\101\172\013\126\376}{section.5.1}% 63
\BOOKMARK [1][]{section.5.2}{\376\377\0005\000.\0002\000\040\000I\000M\000U\145\160\143\156\131\004\164\006\172\013\136\217}{chapter.5}% 64
\BOOKMARK [2][]{subsection.5.2.1}{\376\377\0005\000.\0002\000.\0001\000\040\145\160\143\156\221\307\226\306\116\016\156\344\154\342}{section.5.2}% 65
\BOOKMARK [2][]{subsection.5.2.2}{\376\377\0005\000.\0002\000.\0002\000\040\131\377\140\001\211\343\173\227\116\016\211\322\220\037\136\246\123\321\136\003}{section.5.2}% 66
\BOOKMARK [1][]{section.5.3}{\376\377\0005\000.\0003\000\040\211\306\211\311\213\306\122\053\116\016\215\337\216\052\172\013\136\217}{chapter.5}% 67
\BOOKMARK [2][]{subsection.5.3.1}{\376\377\0005\000.\0003\000.\0001\000\040\166\356\150\007\122\035\150\300\155\113\155\101\172\013}{section.5.3}% 68
\BOOKMARK [2][]{subsection.5.3.2}{\376\377\0005\000.\0003\000.\0002\000\040\152\041\147\177\123\071\221\115\217\336\176\355\215\337\216\052\155\101\172\013}{section.5.3}% 69
\BOOKMARK [1][]{section.5.4}{\376\377\0005\000.\0004\000\040\123\314\225\355\163\257\143\247\122\066\172\013\136\217\213\276\213\241}{chapter.5}% 70
\BOOKMARK [2][]{subsection.5.4.1}{\376\377\0005\000.\0004\000.\0001\000\040\120\317\175\040\213\357\135\356\131\026\163\257\000P\000I\000D}{section.5.4}% 71
\BOOKMARK [2][]{subsection.5.4.2}{\376\377\0005\000.\0004\000.\0002\000\040\000I\000M\000U\211\322\220\037\136\246\122\115\231\210\121\205\163\257}{section.5.4}% 72
\BOOKMARK [1][]{section.5.5}{\376\377\0005\000.\0005\000\040\220\032\117\341\116\016\116\012\117\115\147\072\143\247\122\066\172\013\136\217}{chapter.5}% 73
\BOOKMARK [2][]{subsection.5.5.1}{\376\377\0005\000.\0005\000.\0001\000\040\000U\000S\000B\000-\000C\000D\000C\220\032\117\341\123\117\213\256}{section.5.5}% 74
\BOOKMARK [2][]{subsection.5.5.2}{\376\377\0005\000.\0005\000.\0002\000\040\000L\000i\000n\000u\000x\172\357\143\247\122\066\165\114\227\142\116\016\123\302\145\160\116\013\123\321}{section.5.5}% 75
\BOOKMARK [1][]{section.5.6}{\376\377\0005\000.\0006\000\040\174\373\176\337\116\073\143\247\172\013\136\217\213\276\213\241\116\016\137\002\136\070\131\004\164\006}{chapter.5}% 76
\BOOKMARK [1][]{section.5.7}{\376\377\0005\000.\0007\000\040\135\356\220\037\136\225\166\330\135\345\172\013\166\204\217\157\116\366\133\236\163\260}{chapter.5}% 77
\BOOKMARK [2][]{subsection.5.7.1}{\376\377\0005\000.\0007\000.\0001\000\040\143\247\122\066\116\073\137\252\163\257\116\016\217\320\210\114\152\041\137\017}{section.5.7}% 78
\BOOKMARK [2][]{subsection.5.7.2}{\376\377\0005\000.\0007\000.\0002\000\040\176\242\131\026\137\252\217\371\116\016\215\357\123\343\122\044\122\053\173\126\165\145}{section.5.7}% 79
\BOOKMARK [2][]{subsection.5.7.3}{\376\377\0005\000.\0007\000.\0003\000\040\126\372\133\232\127\010\220\037\133\236\163\260\116\016\127\010\145\160\173\241\164\006}{section.5.7}% 80
\BOOKMARK [2][]{subsection.5.7.4}{\376\377\0005\000.\0007\000.\0004\000\040\135\356\220\037\217\320\122\250\133\146\116\016\217\156\220\037\225\355\163\257}{section.5.7}% 81
\BOOKMARK [2][]{subsection.5.7.5}{\376\377\0005\000.\0007\000.\0005\000\040\117\134\116\072\174\373\176\337\133\120\152\041\127\127\166\204\123\117\124\014\116\016\123\357\227\140\140\047\117\030\122\277}{section.5.7}% 82
\BOOKMARK [1][]{section.5.8}{\376\377\0005\000.\0008\000\040\147\054\172\340\134\017\176\323}{chapter.5}% 83
\BOOKMARK [0][]{chapter.6}{\376\377\173\054\0006\172\340\000\040\000\040\174\373\176\337\214\003\213\325\116\016\176\323\147\234\122\006\147\220}{}% 84
\BOOKMARK [1][]{section.6.1}{\376\377\0006\000.\0001\000\040\214\003\213\325\163\257\130\203\116\016\155\113\213\325\145\271\150\110}{chapter.6}% 85
\BOOKMARK [1][]{section.6.2}{\376\377\0006\000.\0002\000\040\126\376\120\317\213\306\122\053\116\016\215\337\216\052\145\110\147\234\155\113\213\325}{chapter.6}% 86
\BOOKMARK [1][]{section.6.3}{\376\377\0006\000.\0003\000\040\131\377\140\001\221\307\226\306\116\016\210\145\120\177\140\047\200\375\155\113\213\325}{chapter.6}% 87
\BOOKMARK [1][]{section.6.4}{\376\377\0006\000.\0004\000\040\116\221\123\360\143\247\122\066\116\016\172\063\140\001\213\357\135\356\155\113\213\325}{chapter.6}% 88
\BOOKMARK [1][]{section.6.5}{\376\377\0006\000.\0005\000\040\145\164\147\072\200\124\214\003\176\323\147\234\116\016\225\356\230\230\122\006\147\220}{chapter.6}% 89
\BOOKMARK [1][]{section.6.6}{\376\377\0006\000.\0006\000\040\147\054\172\340\134\017\176\323}{chapter.6}% 90
\BOOKMARK [0][]{chapter.7}{\376\377\173\054\0007\172\340\000\040\000\040\140\073\176\323\116\016\134\125\147\033}{}% 91
\BOOKMARK [1][]{section.7.1}{\376\377\0007\000.\0001\000\040\116\073\211\201\135\345\117\134\116\016\122\033\145\260\160\271}{chapter.7}% 92
\BOOKMARK [1][]{section.7.2}{\376\377\0007\000.\0002\000\040\116\015\215\263\116\016\145\071\217\333\145\271\124\021}{chapter.7}% 93
\BOOKMARK [1][]{section.7.3}{\376\377\0007\000.\0003\000\040\124\016\176\355\170\024\172\166\135\345\117\134\134\125\147\033}{chapter.7}% 94
\BOOKMARK [0][]{chapter*.5}{\376\377\123\302\200\003\145\207\163\056}{}% 95
\BOOKMARK [0][]{chapter*.6}{\376\377\201\364\214\042}{}% 96
\BOOKMARK [0][]{chapter*.7}{\376\377\226\104\137\125\000A\000\040\171\321\142\200\121\231\117\134\116\055\227\136\133\146\147\057\127\213\117\116\176\247\225\031\213\357\166\204\116\073\211\201\210\150\163\260}{}% 97
\BOOKMARK [0][]{chapter*.8}{\376\377\226\104\137\125\000B\000\040\202\361\145\207\177\373\213\321}{}% 98
